

?   modul PdfSuperCreator; eroare=-8: eroare creare Pdf: nu gasesc /Users/Alex/Projects/declaratii-anaf/lib/D100Pdf.jar
?   modul Validator; eroare=-8: nu gasesc /Users/Alex/Projects/declaratii-anaf/lib/D100Validator.jar
?   modul Validator; eroare=-8: nu gasesc /Users/Alex/Projects/declaratii-anaf/lib/D100Validator.jar
?   modul PdfSuperCreator; eroare=-8: eroare creare Pdf: nu gasesc /Users/Alex/Projects/declaratii-anaf/lib/D100Pdf.jar
?   modul PdfSuperCreator; eroare=-8: eroare creare Pdf: nu gasesc /Users/Alex/Projects/declaratii-anaf/lib/S1048Pdf.jar
?   modul Validator; eroare=-8: nu gasesc /Users/Alex/Projects/declaratii-anaf/lib/S1048Validator.jar
?   modul PdfSuperCreator; eroare=-8: eroare creare Pdf: nu gasesc /Users/Alex/Projects/declaratii-anaf/lib/S1048Pdf.jar
?   modul Validator; eroare=-8: nu gasesc /Users/Alex/Projects/declaratii-anaf/lib/S1048Validator.jar
?   modul PdfSuperCreator; eroare=-8: eroare creare Pdf: nu gasesc /Users/Alex/Projects/declaratii-anaf/lib/T100Pdf.jar
?   modul Validator; eroare=-8: nu gasesc /Users/Alex/Projects/declaratii-anaf/lib/T100Validator.jar
?   modul PdfSuperCreator; eroare=-8: eroare creare Pdf: nu gasesc /Users/Alex/Projects/declaratii-anaf/lib/T100Pdf.jar
?   modul Validator; eroare=-8: nu gasesc /Users/Alex/Projects/declaratii-anaf/lib/T100Validator.jar
?   modul PdfSuperCreator; eroare=-8: eroare creare Pdf: nu gasesc /Users/Alex/Projects/declaratii-anaf/lib/D100Pdf.jar
?   modul Validator; eroare=-8: nu gasesc /Users/Alex/Projects/declaratii-anaf/lib/D100Validator.jar
?   modul PdfSuperCreator; eroare=-8: eroare creare Pdf: nu gasesc /Users/Alex/Projects/declaratii-anaf/lib/D100Pdf.jar
?   modul Validator; eroare=-8: nu gasesc /Users/Alex/Projects/declaratii-anaf/lib/D100Validator.jar

?   modul PdfSuperCreator; eroare=-8: eroare creare Pdf: nu gasesc /Users/Alex/Projects/declaratii-anaf/lib/D100Pdf.jar
?   modul Validator; eroare=-8: nu gasesc /Users/Alex/Projects/declaratii-anaf/lib/D100Validator.jar
?   modul Validator; eroare=-8: nu gasesc /Users/Alex/Projects/declaratii-anaf/lib/D100Validator.jar
?   modul PdfSuperCreator; eroare=-8: eroare creare Pdf: nu gasesc /Users/Alex/Projects/declaratii-anaf/lib/D100Pdf.jar
?   modul PdfSuperCreator; eroare=-8: eroare creare Pdf: nu gasesc /Users/Alex/Projects/declaratii-anaf/lib/D104Pdf.jar
?   modul Validator; eroare=-8: nu gasesc /Users/Alex/Projects/declaratii-anaf/lib/D104Validator.jar
?   modul PdfSuperCreator; eroare=-8: eroare creare Pdf: nu gasesc /Users/Alex/Projects/declaratii-anaf/lib/D104Pdf.jar
?   modul Validator; eroare=-8: nu gasesc /Users/Alex/Projects/declaratii-anaf/lib/D104Validator.jar
?   modul PdfSuperCreator; eroare=-8: eroare creare Pdf: nu gasesc /Users/Alex/Projects/declaratii-anaf/lib/D112Pdf.jar
?   modul Validator; eroare=-8: nu gasesc /Users/Alex/Projects/declaratii-anaf/lib/D112Validator.jar
?   modul PdfSuperCreator; eroare=-8: eroare creare Pdf: nu gasesc /Users/Alex/Projects/declaratii-anaf/lib/D112Pdf.jar
?   modul Validator; eroare=-8: nu gasesc /Users/Alex/Projects/declaratii-anaf/lib/D112Validator.jar

?   modul PdfSuperCreator; eroare=-8: eroare creare Pdf: nu gasesc /Users/Alex/Projects/declaratii-anaf/lib/D100Pdf.jar
?   modul Validator; eroare=-8: nu gasesc /Users/Alex/Projects/declaratii-anaf/lib/D100Validator.jar
?   modul Validator; eroare=-8: nu gasesc /Users/Alex/Projects/declaratii-anaf/lib/D100Validator.jar
?   modul PdfSuperCreator; eroare=-8: eroare creare Pdf: nu gasesc /Users/Alex/Projects/declaratii-anaf/lib/D100Pdf.jar